d:\stars\documents\github\stars_sudoku\build\sudoku.dir\debug\scene.obj
d:\stars\documents\github\stars_sudoku\build\sudoku.dir\debug\main.obj
d:\stars\documents\github\stars_sudoku\build\sudoku.dir\debug\logic.obj
d:\stars\documents\github\stars_sudoku\build\sudoku.dir\debug\lock.obj
d:\stars\documents\github\stars_sudoku\build\sudoku.dir\debug\controller.obj
d:\stars\documents\github\stars_sudoku\build\cmakefiles\generate.stamp
d:\stars\documents\github\stars_sudoku\bin\debug\sudoku.ilk
d:\stars\documents\github\stars_sudoku\bin\debug\sudoku.exe
d:\stars\documents\github\stars_sudoku\bin\debug\sudoku.pdb
d:\stars\documents\github\stars_sudoku\build\sudoku.dir\debug\vcpkg.applocal.log
d:\stars\documents\github\stars_sudoku\build\sudoku.dir\debug\sudoku.tlog\cl.command.1.tlog
d:\stars\documents\github\stars_sudoku\build\sudoku.dir\debug\sudoku.tlog\cl.read.1.tlog
d:\stars\documents\github\stars_sudoku\build\sudoku.dir\debug\sudoku.tlog\cl.write.1.tlog
d:\stars\documents\github\stars_sudoku\build\sudoku.dir\debug\sudoku.tlog\custombuild.command.1.tlog
d:\stars\documents\github\stars_sudoku\build\sudoku.dir\debug\sudoku.tlog\custombuild.read.1.tlog
d:\stars\documents\github\stars_sudoku\build\sudoku.dir\debug\sudoku.tlog\custombuild.write.1.tlog
d:\stars\documents\github\stars_sudoku\build\sudoku.dir\debug\sudoku.tlog\link.command.1.tlog
d:\stars\documents\github\stars_sudoku\build\sudoku.dir\debug\sudoku.tlog\link.read.1.tlog
d:\stars\documents\github\stars_sudoku\build\sudoku.dir\debug\sudoku.tlog\link.write.1.tlog
d:\stars\documents\github\stars_sudoku\build\sudoku.dir\debug\sudoku.tlog\sudoku.write.1u.tlog
